[2023-08-25 16:26:24,624 | train.py:231 | INFO] -> Preparing dataloaders...
[2023-08-25 16:26:24,624 | train.py:280 | INFO] -> Using full train dataset
[2023-08-25 16:26:24,628 | train.py:308 | INFO] -> Using full val dataset
[2023-08-25 16:26:24,630 | train.py:233 | INFO] -> Dataloaders ready.
[2023-08-25 16:26:24,630 | train.py:237 | INFO] -> Using chekpoint hash castral_checkpoint, starting from epoch 6
[2023-08-25 16:26:24,630 | train.py:326 | INFO] -> Starting training...
[2023-08-25 16:26:24,630 | train.py:328 | INFO] -> Epoch 6
[2023-08-25 16:44:23,503 | train.py:452 | INFO] -> Training loss: 6.035173628388382
[2023-08-25 16:44:23,504 | train.py:453 | INFO] -> Training RDS: 0.27360171400676897
[2023-08-25 16:44:23,504 | train.py:454 | INFO] -> Training MA: 128.34509314560307
[2023-08-25 16:45:06,228 | train.py:535 | INFO] -> Validation loss: 4.400348717516119
[2023-08-25 16:45:06,228 | train.py:537 | INFO] -> Validation RDS: 0.35915039479732513
[2023-08-25 16:45:06,228 | train.py:539 | INFO] -> Validation MA: 100.51994185014205
[2023-08-25 16:45:06,228 | train.py:328 | INFO] -> Epoch 7
[2023-08-25 16:56:23,174 | train.py:452 | INFO] -> Training loss: 4.4112970858085445
[2023-08-25 16:56:23,175 | train.py:453 | INFO] -> Training RDS: 0.32923720795206907
[2023-08-25 16:56:23,175 | train.py:454 | INFO] -> Training MA: 106.04768024227484
[2023-08-25 16:56:56,593 | train.py:535 | INFO] -> Validation loss: 4.504699306054548
[2023-08-25 16:56:56,594 | train.py:537 | INFO] -> Validation RDS: 0.3433633365414359
[2023-08-25 16:56:56,594 | train.py:539 | INFO] -> Validation MA: 97.06317901611328
[2023-08-25 16:56:56,594 | train.py:333 | INFO] -> Saving checkpoint...
[2023-08-25 16:56:56,839 | train.py:328 | INFO] -> Epoch 8
[2023-08-25 17:08:13,329 | train.py:452 | INFO] -> Training loss: 3.611254214755888
[2023-08-25 17:08:13,338 | train.py:453 | INFO] -> Training RDS: 0.38837108427916117
[2023-08-25 17:08:13,338 | train.py:454 | INFO] -> Training MA: 89.1573401660454
[2023-08-25 17:08:45,736 | train.py:535 | INFO] -> Validation loss: 3.584477413784374
[2023-08-25 17:08:45,736 | train.py:537 | INFO] -> Validation RDS: 0.42704078555107117
[2023-08-25 17:08:45,736 | train.py:539 | INFO] -> Validation MA: 75.1998440135609
[2023-08-25 17:08:45,736 | train.py:328 | INFO] -> Epoch 9
[2023-08-25 17:20:02,128 | train.py:452 | INFO] -> Training loss: 3.281023805703574
[2023-08-25 17:20:02,128 | train.py:453 | INFO] -> Training RDS: 0.4061594142661831
[2023-08-25 17:20:02,128 | train.py:454 | INFO] -> Training MA: 82.59883924034553
[2023-08-25 17:20:34,759 | train.py:535 | INFO] -> Validation loss: 2.7006073255430567
[2023-08-25 17:20:34,759 | train.py:537 | INFO] -> Validation RDS: 0.42583989284255286
[2023-08-25 17:20:34,759 | train.py:539 | INFO] -> Validation MA: 73.04498637806286
[2023-08-25 17:20:34,759 | train.py:333 | INFO] -> Saving checkpoint...
[2023-08-25 17:20:35,007 | train.py:328 | INFO] -> Epoch 10
[2023-08-25 17:31:52,147 | train.py:452 | INFO] -> Training loss: 2.789333148700435
[2023-08-25 17:31:52,147 | train.py:453 | INFO] -> Training RDS: 0.43190263878039226
[2023-08-25 17:31:52,147 | train.py:454 | INFO] -> Training MA: 77.75873322215507
[2023-08-25 17:32:24,582 | train.py:535 | INFO] -> Validation loss: 3.138580644672567
[2023-08-25 17:32:24,582 | train.py:537 | INFO] -> Validation RDS: 0.4552825933152979
[2023-08-25 17:32:24,582 | train.py:539 | INFO] -> Validation MA: 69.7132173018022
[2023-08-25 17:32:24,582 | train.py:328 | INFO] -> Epoch 11
[2023-08-25 17:43:40,806 | train.py:452 | INFO] -> Training loss: 2.452862303431441
[2023-08-25 17:43:40,806 | train.py:453 | INFO] -> Training RDS: 0.45956900279696394
[2023-08-25 17:43:40,806 | train.py:454 | INFO] -> Training MA: 71.42359049727277
[2023-08-25 17:44:13,450 | train.py:535 | INFO] -> Validation loss: 2.9996572245251047
[2023-08-25 17:44:13,451 | train.py:537 | INFO] -> Validation RDS: 0.49422500892118976
[2023-08-25 17:44:13,451 | train.py:539 | INFO] -> Validation MA: 63.76231488314542
[2023-08-25 17:44:13,451 | train.py:333 | INFO] -> Saving checkpoint...
[2023-08-25 17:44:13,685 | train.py:328 | INFO] -> Epoch 12
[2023-08-25 17:55:30,440 | train.py:452 | INFO] -> Training loss: 2.2993930413471007
[2023-08-25 17:55:30,449 | train.py:453 | INFO] -> Training RDS: 0.44793862685924624
[2023-08-25 17:55:30,449 | train.py:454 | INFO] -> Training MA: 71.94883509380061
[2023-08-25 17:56:03,250 | train.py:535 | INFO] -> Validation loss: 2.673638116229664
[2023-08-25 17:56:03,250 | train.py:537 | INFO] -> Validation RDS: 0.5064303089271892
[2023-08-25 17:56:03,250 | train.py:539 | INFO] -> Validation MA: 60.18617734042081
[2023-08-25 17:56:03,250 | train.py:337 | INFO] -> Stepping scheduler...
[2023-08-25 17:56:03,250 | train.py:328 | INFO] -> Epoch 13
[2023-08-25 18:07:20,119 | train.py:452 | INFO] -> Training loss: 2.1561206845733207
[2023-08-25 18:07:20,128 | train.py:453 | INFO] -> Training RDS: 0.4826160016340938
[2023-08-25 18:07:20,128 | train.py:454 | INFO] -> Training MA: 66.23387614304457
[2023-08-25 18:07:53,690 | train.py:535 | INFO] -> Validation loss: 2.491278374736959
[2023-08-25 18:07:53,690 | train.py:537 | INFO] -> Validation RDS: 0.5384306149049238
[2023-08-25 18:07:53,690 | train.py:539 | INFO] -> Validation MA: 56.27957201004028
[2023-08-25 18:07:53,690 | train.py:333 | INFO] -> Saving checkpoint...
[2023-08-25 18:07:53,932 | train.py:328 | INFO] -> Epoch 14
[2023-08-25 18:19:10,000 | train.py:452 | INFO] -> Training loss: 2.306289842458275
[2023-08-25 18:19:10,009 | train.py:453 | INFO] -> Training RDS: 0.44773688730670186
[2023-08-25 18:19:10,009 | train.py:454 | INFO] -> Training MA: 72.30001023145226
[2023-08-25 18:19:42,809 | train.py:535 | INFO] -> Validation loss: 2.913123445077376
[2023-08-25 18:19:42,809 | train.py:537 | INFO] -> Validation RDS: 0.42466362633488397
[2023-08-25 18:19:42,809 | train.py:539 | INFO] -> Validation MA: 72.87919616699219
[2023-08-25 18:19:42,809 | train.py:328 | INFO] -> Epoch 15
[2023-08-25 18:30:59,264 | train.py:452 | INFO] -> Training loss: 2.22227245472311
[2023-08-25 18:30:59,264 | train.py:453 | INFO] -> Training RDS: 0.46414893914044386
[2023-08-25 18:30:59,264 | train.py:454 | INFO] -> Training MA: 68.36396667046276
[2023-08-25 18:31:32,103 | train.py:535 | INFO] -> Validation loss: 2.2492379275235264
[2023-08-25 18:31:32,103 | train.py:537 | INFO] -> Validation RDS: 0.47196386619047687
[2023-08-25 18:31:32,103 | train.py:539 | INFO] -> Validation MA: 65.2073464827104
[2023-08-25 18:31:32,104 | train.py:333 | INFO] -> Saving checkpoint...
[2023-08-25 18:31:32,379 | train.py:328 | INFO] -> Epoch 16
[2023-08-25 18:42:49,887 | train.py:452 | INFO] -> Training loss: 2.0650381029136784
[2023-08-25 18:42:49,896 | train.py:453 | INFO] -> Training RDS: 0.46873709898654037
[2023-08-25 18:42:49,896 | train.py:454 | INFO] -> Training MA: 68.0992148484641
[2023-08-25 18:43:22,377 | train.py:535 | INFO] -> Validation loss: 2.518682371486317
[2023-08-25 18:43:22,378 | train.py:537 | INFO] -> Validation RDS: 0.455130780285055
[2023-08-25 18:43:22,378 | train.py:539 | INFO] -> Validation MA: 67.3829838145863
[2023-08-25 18:43:22,378 | train.py:328 | INFO] -> Epoch 17
[2023-08-31 19:27:43,921 | train.py:231 | INFO] -> Preparing dataloaders...
[2023-08-31 19:27:43,921 | train.py:280 | INFO] -> Using full train dataset
[2023-08-31 19:27:43,932 | train.py:308 | INFO] -> Using full val dataset
[2023-08-31 19:27:43,935 | train.py:233 | INFO] -> Dataloaders ready.
[2023-08-31 19:27:43,935 | train.py:237 | INFO] -> Using chekpoint hash castral_checkpoint, starting from epoch 6
[2023-08-31 19:27:43,935 | train.py:326 | INFO] -> Starting training...
[2023-08-31 19:27:43,935 | train.py:328 | INFO] -> Epoch 6
[2023-08-31 19:29:33,538 | train.py:231 | INFO] -> Preparing dataloaders...
[2023-08-31 19:29:33,538 | train.py:280 | INFO] -> Using full train dataset
[2023-08-31 19:29:33,540 | train.py:308 | INFO] -> Using full val dataset
[2023-08-31 19:29:33,542 | train.py:233 | INFO] -> Dataloaders ready.
[2023-08-31 19:29:33,542 | train.py:237 | INFO] -> Using chekpoint hash castral_checkpoint, starting from epoch 6
[2023-08-31 19:29:33,542 | train.py:326 | INFO] -> Starting training...
[2023-08-31 19:29:33,542 | train.py:328 | INFO] -> Epoch 6
[2023-08-31 19:30:57,991 | train.py:452 | INFO] -> Training loss: 7.321121609307887
[2023-08-31 19:30:58,000 | train.py:453 | INFO] -> Training RDS: 0.2069996055669901
[2023-08-31 19:30:58,000 | train.py:454 | INFO] -> Training MA: 164.31537674694528
[2023-08-31 19:31:06,125 | train.py:535 | INFO] -> Validation loss: 6.072524677623402
[2023-08-31 19:31:06,125 | train.py:537 | INFO] -> Validation RDS: 0.2843937440352006
[2023-08-31 19:31:06,125 | train.py:539 | INFO] -> Validation MA: 126.1338320645419
[2023-08-31 19:31:06,126 | train.py:328 | INFO] -> Epoch 7
[2023-08-31 19:32:38,012 | train.py:231 | INFO] -> Preparing dataloaders...
[2023-08-31 19:32:38,012 | train.py:280 | INFO] -> Using full train dataset
[2023-08-31 19:32:38,015 | train.py:308 | INFO] -> Using full val dataset
[2023-08-31 19:32:38,017 | train.py:233 | INFO] -> Dataloaders ready.
[2023-08-31 19:32:38,017 | train.py:237 | INFO] -> Using chekpoint hash castral_checkpoint, starting from epoch 6
[2023-08-31 19:32:38,017 | train.py:326 | INFO] -> Starting training...
[2023-08-31 19:32:38,017 | train.py:328 | INFO] -> Epoch 6
[2023-08-31 19:33:15,277 | train.py:231 | INFO] -> Preparing dataloaders...
[2023-08-31 19:33:15,277 | train.py:280 | INFO] -> Using full train dataset
[2023-08-31 19:33:15,290 | train.py:308 | INFO] -> Using full val dataset
[2023-08-31 19:33:15,292 | train.py:233 | INFO] -> Dataloaders ready.
[2023-08-31 19:33:15,292 | train.py:237 | INFO] -> Using chekpoint hash castral_checkpoint, starting from epoch 6
[2023-08-31 19:33:15,292 | train.py:326 | INFO] -> Starting training...
[2023-08-31 19:33:15,292 | train.py:328 | INFO] -> Epoch 6
[2023-08-31 19:35:52,527 | train.py:231 | INFO] -> Preparing dataloaders...
[2023-08-31 19:35:52,527 | train.py:280 | INFO] -> Using full train dataset
[2023-08-31 19:35:52,529 | train.py:308 | INFO] -> Using full val dataset
[2023-08-31 19:35:52,531 | train.py:233 | INFO] -> Dataloaders ready.
[2023-08-31 19:35:52,531 | train.py:237 | INFO] -> Using chekpoint hash castral_checkpoint, starting from epoch 6
[2023-08-31 19:35:52,531 | train.py:326 | INFO] -> Starting training...
[2023-08-31 19:35:52,531 | train.py:328 | INFO] -> Epoch 6
[2023-08-31 19:41:54,190 | train.py:452 | INFO] -> Training loss: 7.325065513936485
[2023-08-31 19:41:54,199 | train.py:453 | INFO] -> Training RDS: 0.20624573792262776
[2023-08-31 19:41:54,199 | train.py:454 | INFO] -> Training MA: 164.49656854024747
[2023-08-31 19:42:10,617 | train.py:535 | INFO] -> Validation loss: 6.062696500258013
[2023-08-31 19:42:10,617 | train.py:537 | INFO] -> Validation RDS: 0.28425832905552606
[2023-08-31 19:42:10,617 | train.py:539 | INFO] -> Validation MA: 126.1278006813743
[2023-08-31 19:42:10,618 | train.py:328 | INFO] -> Epoch 7
[2023-08-31 19:46:10,193 | train.py:452 | INFO] -> Training loss: 5.490766393459909
[2023-08-31 19:46:10,202 | train.py:453 | INFO] -> Training RDS: 0.2755305470853317
[2023-08-31 19:46:10,202 | train.py:454 | INFO] -> Training MA: 130.15238831682902
[2023-08-31 19:46:24,583 | train.py:535 | INFO] -> Validation loss: 4.630070399154317
[2023-08-31 19:46:24,584 | train.py:537 | INFO] -> Validation RDS: 0.28952102159911935
[2023-08-31 19:46:24,584 | train.py:539 | INFO] -> Validation MA: 119.28514792702414
[2023-08-31 19:46:24,584 | train.py:333 | INFO] -> Saving checkpoint...
[2023-08-31 19:46:25,009 | train.py:328 | INFO] -> Epoch 8
[2023-08-31 19:50:24,771 | train.py:452 | INFO] -> Training loss: 5.041761769511836
[2023-08-31 19:50:24,780 | train.py:453 | INFO] -> Training RDS: 0.30087120079897284
[2023-08-31 19:50:24,780 | train.py:454 | INFO] -> Training MA: 119.58158645009607
[2023-08-31 19:50:38,692 | train.py:535 | INFO] -> Validation loss: 3.4286946708505806
[2023-08-31 19:50:38,693 | train.py:537 | INFO] -> Validation RDS: 0.3612818149003116
[2023-08-31 19:50:38,693 | train.py:539 | INFO] -> Validation MA: 99.29066883433948
[2023-08-31 19:50:38,693 | train.py:328 | INFO] -> Epoch 9
[2023-08-31 19:54:37,728 | train.py:452 | INFO] -> Training loss: 4.257103732930935
[2023-08-31 19:54:37,737 | train.py:453 | INFO] -> Training RDS: 0.3129093434389045
[2023-08-31 19:54:37,737 | train.py:454 | INFO] -> Training MA: 112.92235881526295
[2023-08-31 19:54:51,707 | train.py:535 | INFO] -> Validation loss: 3.2940152219750662
[2023-08-31 19:54:51,708 | train.py:537 | INFO] -> Validation RDS: 0.4058396585962989
[2023-08-31 19:54:51,708 | train.py:539 | INFO] -> Validation MA: 87.53771383112127
[2023-08-31 19:54:51,708 | train.py:333 | INFO] -> Saving checkpoint...
[2023-08-31 19:54:52,063 | train.py:328 | INFO] -> Epoch 10
[2023-08-31 19:58:50,871 | train.py:452 | INFO] -> Training loss: 3.6281050865243123
[2023-08-31 19:58:50,880 | train.py:453 | INFO] -> Training RDS: 0.32915630972966914
[2023-08-31 19:58:50,880 | train.py:454 | INFO] -> Training MA: 106.50242475183998
[2023-08-31 19:59:04,693 | train.py:535 | INFO] -> Validation loss: 3.7470181584358215
[2023-08-31 19:59:04,693 | train.py:537 | INFO] -> Validation RDS: 0.4493766264481978
[2023-08-31 19:59:04,693 | train.py:539 | INFO] -> Validation MA: 77.60465916720304
[2023-08-31 19:59:04,694 | train.py:328 | INFO] -> Epoch 11
[2023-08-31 20:03:03,724 | train.py:452 | INFO] -> Training loss: 3.5503906699700085
[2023-08-31 20:03:03,733 | train.py:453 | INFO] -> Training RDS: 0.3545447220889533
[2023-08-31 20:03:03,733 | train.py:454 | INFO] -> Training MA: 100.3120739634444
[2023-08-31 20:03:18,062 | train.py:535 | INFO] -> Validation loss: 3.079113245010376
[2023-08-31 20:03:18,062 | train.py:537 | INFO] -> Validation RDS: 0.39861988479440863
[2023-08-31 20:03:18,062 | train.py:539 | INFO] -> Validation MA: 86.87758567116477
[2023-08-31 20:03:18,063 | train.py:333 | INFO] -> Saving checkpoint...
[2023-08-31 20:03:18,407 | train.py:328 | INFO] -> Epoch 12
[2023-08-31 20:09:07,713 | train.py:231 | INFO] -> Preparing dataloaders...
[2023-08-31 20:09:07,713 | train.py:280 | INFO] -> Using full train dataset
[2023-08-31 20:09:07,716 | train.py:308 | INFO] -> Using full val dataset
[2023-08-31 20:09:07,717 | train.py:233 | INFO] -> Dataloaders ready.
[2023-08-31 20:09:07,718 | train.py:237 | INFO] -> Using chekpoint hash castral_checkpoint, starting from epoch 6
[2023-08-31 20:09:07,718 | train.py:326 | INFO] -> Starting training...
[2023-08-31 20:09:07,718 | train.py:328 | INFO] -> Epoch 6
[2023-08-31 20:40:19,235 | train.py:231 | INFO] -> Preparing dataloaders...
[2023-08-31 20:40:19,235 | train.py:280 | INFO] -> Using full train dataset
[2023-08-31 20:40:19,239 | train.py:308 | INFO] -> Using full val dataset
[2023-08-31 20:40:19,242 | train.py:233 | INFO] -> Dataloaders ready.
[2023-08-31 20:40:19,242 | train.py:237 | INFO] -> Using chekpoint hash castral_checkpoint, starting from epoch 6
[2023-08-31 20:40:19,242 | train.py:326 | INFO] -> Starting training...
[2023-08-31 20:40:19,242 | train.py:328 | INFO] -> Epoch 6
[2023-08-31 20:47:59,725 | train.py:452 | INFO] -> Training loss: 7.438226074883432
[2023-08-31 20:47:59,734 | train.py:453 | INFO] -> Training RDS: 0.21247276366885864
[2023-08-31 20:47:59,734 | train.py:454 | INFO] -> Training MA: 164.0749257405599
[2023-08-31 20:48:19,495 | train.py:535 | INFO] -> Validation loss: 7.4041470523391455
[2023-08-31 20:48:19,496 | train.py:537 | INFO] -> Validation RDS: 0.3230507331235068
[2023-08-31 20:48:19,496 | train.py:539 | INFO] -> Validation MA: 107.9543102809361
[2023-08-31 20:48:19,496 | train.py:328 | INFO] -> Epoch 7
[2023-08-31 20:53:37,108 | train.py:452 | INFO] -> Training loss: 5.480696286577167
[2023-08-31 20:53:37,110 | train.py:453 | INFO] -> Training RDS: 0.27228824573032784
[2023-08-31 20:53:37,110 | train.py:454 | INFO] -> Training MA: 130.34671633171314
[2023-08-31 20:53:53,745 | train.py:535 | INFO] -> Validation loss: 5.34943905047008
[2023-08-31 20:53:53,745 | train.py:537 | INFO] -> Validation RDS: 0.27701220980712343
[2023-08-31 20:53:53,745 | train.py:539 | INFO] -> Validation MA: 121.15444728306362
[2023-08-31 20:53:53,746 | train.py:333 | INFO] -> Saving checkpoint...
[2023-08-31 20:53:54,150 | train.py:328 | INFO] -> Epoch 8
[2023-08-31 20:59:12,572 | train.py:452 | INFO] -> Training loss: 4.60003435828469
[2023-08-31 20:59:12,581 | train.py:453 | INFO] -> Training RDS: 0.3114380805329843
[2023-08-31 20:59:12,581 | train.py:454 | INFO] -> Training MA: 113.99931982791784
[2023-08-31 20:59:29,581 | train.py:535 | INFO] -> Validation loss: 3.6958929428032468
[2023-08-31 20:59:29,582 | train.py:537 | INFO] -> Validation RDS: 0.3139424238886152
[2023-08-31 20:59:29,582 | train.py:539 | INFO] -> Validation MA: 111.49279022216797
[2023-08-31 20:59:29,582 | train.py:328 | INFO] -> Epoch 9
[2023-08-31 21:04:47,893 | train.py:452 | INFO] -> Training loss: 3.9098903991959313
[2023-08-31 21:04:47,902 | train.py:453 | INFO] -> Training RDS: 0.34501912223570275
[2023-08-31 21:04:47,902 | train.py:454 | INFO] -> Training MA: 104.48616769964045
[2023-08-31 21:05:04,588 | train.py:535 | INFO] -> Validation loss: 3.209179629172598
[2023-08-31 21:05:04,588 | train.py:537 | INFO] -> Validation RDS: 0.46805151445525034
[2023-08-31 21:05:04,588 | train.py:539 | INFO] -> Validation MA: 71.8669354575021
[2023-08-31 21:05:04,588 | train.py:333 | INFO] -> Saving checkpoint...
[2023-08-31 21:05:04,922 | train.py:328 | INFO] -> Epoch 10
[2023-08-31 21:10:22,792 | train.py:452 | INFO] -> Training loss: 3.3892377268184317
[2023-08-31 21:10:22,801 | train.py:453 | INFO] -> Training RDS: 0.36550204970619893
[2023-08-31 21:10:22,801 | train.py:454 | INFO] -> Training MA: 96.9271025686553
[2023-08-31 21:10:40,116 | train.py:535 | INFO] -> Validation loss: 3.6106785280363902
[2023-08-31 21:10:40,116 | train.py:537 | INFO] -> Validation RDS: 0.40081119005169186
[2023-08-31 21:10:40,116 | train.py:539 | INFO] -> Validation MA: 90.73064599718366
[2023-08-31 21:10:40,116 | train.py:328 | INFO] -> Epoch 11
[2023-08-31 21:15:58,686 | train.py:452 | INFO] -> Training loss: 3.220239035288493
[2023-08-31 21:15:58,695 | train.py:453 | INFO] -> Training RDS: 0.3790640722621571
[2023-08-31 21:15:58,695 | train.py:454 | INFO] -> Training MA: 94.37596599694454
[2023-08-31 21:16:15,171 | train.py:535 | INFO] -> Validation loss: 2.5936541770185744
[2023-08-31 21:16:15,171 | train.py:537 | INFO] -> Validation RDS: 0.41830150357314516
[2023-08-31 21:16:15,171 | train.py:539 | INFO] -> Validation MA: 80.04978942871094
[2023-08-31 21:16:15,171 | train.py:333 | INFO] -> Saving checkpoint...
[2023-08-31 21:16:15,518 | train.py:328 | INFO] -> Epoch 12
[2023-08-31 21:21:33,238 | train.py:452 | INFO] -> Training loss: 3.014782340598829
[2023-08-31 21:21:33,238 | train.py:453 | INFO] -> Training RDS: 0.37363794590487626
[2023-08-31 21:21:33,238 | train.py:454 | INFO] -> Training MA: 94.0441406134403
[2023-08-31 21:21:49,768 | train.py:535 | INFO] -> Validation loss: 2.2708559334278107
[2023-08-31 21:21:49,768 | train.py:537 | INFO] -> Validation RDS: 0.42719453147479464
[2023-08-31 21:21:49,768 | train.py:539 | INFO] -> Validation MA: 76.50117465427944
[2023-08-31 21:21:49,769 | train.py:337 | INFO] -> Stepping scheduler...
[2023-08-31 21:21:49,769 | train.py:328 | INFO] -> Epoch 13
